# Preference setting overrides
gui_create_pref_key -category {Globals} -key {load_detail_for_funcov} -value_type {bool} -value {false}

# State setting overrides
gui_state_default_create -off -ini
gui_set_state_value -category Globals -key recent_databases -value {{gui_open_db -file /home/users/faisaliqbal/work/projects/test/counter.vcd.vpd -design V1} {gui_open_db -file /home/users/faisaliqbal/work/projects/test/counter.vcd -design V1}}
gui_set_state_value -category Layout -key child_console_size_x -value 1832
gui_set_state_value -category Layout -key child_console_size_y -value 176
gui_set_state_value -category Layout -key child_data_size_x -value 171
gui_set_state_value -category Layout -key child_data_size_y -value 878
gui_set_state_value -category Layout -key child_hier_col3 -value {-1}
gui_set_state_value -category Layout -key child_hier_colpd -value 0
gui_set_state_value -category Layout -key child_hier_size_x -value 171
gui_set_state_value -category Layout -key child_hier_size_y -value 878
gui_set_state_value -category Layout -key child_source_docknewline -value false
gui_set_state_value -category Layout -key child_source_pos_x -value {-2}
gui_set_state_value -category Layout -key child_source_pos_y -value {-15}
gui_set_state_value -category Layout -key child_source_size_x -value 1493
gui_set_state_value -category Layout -key child_source_size_y -value 873
gui_set_state_value -category Layout -key child_wave_colname -value 264
gui_set_state_value -category Layout -key child_wave_colvalue -value 263
gui_set_state_value -category Layout -key child_wave_left -value 531
gui_set_state_value -category Layout -key child_wave_right -value 1296
gui_set_state_value -category Layout -key main_pos_x -value 1
gui_set_state_value -category Layout -key main_pos_y -value 38
gui_set_state_value -category Layout -key main_size_x -value 1833
gui_set_state_value -category Layout -key main_size_y -value 1173
gui_set_state_value -category Layout -key stand_wave_child_docknewline -value false
gui_set_state_value -category Layout -key stand_wave_child_pos_x -value {-2}
gui_set_state_value -category Layout -key stand_wave_child_pos_y -value {-15}
gui_set_state_value -category Layout -key stand_wave_child_size_x -value 1837
gui_set_state_value -category Layout -key stand_wave_child_size_y -value 1049
gui_set_state_value -category Layout -key stand_wave_top_pos_x -value 716
gui_set_state_value -category Layout -key stand_wave_top_pos_y -value 240
gui_set_state_value -category Layout -key stand_wave_top_size_x -value 2548
gui_set_state_value -category Layout -key stand_wave_top_size_y -value 1375
gui_create_state_key -category FindDialog -key m_pMatchCase -value_type bool -value false
gui_create_state_key -category FindDialog -key m_pMatchWord -value_type bool -value false
gui_create_state_key -category FindDialog -key m_pUseCombo -value_type string -value {}
gui_create_state_key -category FindDialog -key m_pWrapAround -value_type bool -value true
gui_state_default_create -off

# Begin command logging
